[0m21:56:51.920531 [debug] [MainThread]: Sending event: {'category': 'dbt', 'action': 'invocation', 'label': 'start', 'context': [<snowplow_tracker.self_describing_json.SelfDescribingJson object at 0x00000251A37F8F10>, <snowplow_tracker.self_describing_json.SelfDescribingJson object at 0x00000251A37F3BD0>, <snowplow_tracker.self_describing_json.SelfDescribingJson object at 0x00000251A37F9190>]}


============================== 21:56:51.935557 | 70bb6aef-f037-49b9-bcab-8bde5b472356 ==============================
[0m21:56:51.935557 [info ] [MainThread]: Running with dbt=1.6.6
[0m21:56:51.938751 [debug] [MainThread]: running dbt with arguments {'printer_width': '80', 'indirect_selection': 'eager', 'log_cache_events': 'False', 'write_json': 'True', 'partial_parse': 'True', 'cache_selected_only': 'False', 'profiles_dir': 'C:\\Users\\Desktop\\.dbt', 'version_check': 'True', 'fail_fast': 'False', 'log_path': 'logs', 'warn_error': 'None', 'debug': 'False', 'use_colors': 'True', 'use_experimental_parser': 'False', 'no_print': 'None', 'quiet': 'False', 'warn_error_options': 'WarnErrorOptions(include=[], exclude=[])', 'invocation_command': 'dbt init', 'static_parser': 'True', 'log_format': 'default', 'target_path': 'None', 'introspect': 'True', 'send_anonymous_usage_stats': 'True'}
[0m21:56:51.956742 [warn ] [MainThread]: [ConfigFolderDirectory]: Unable to parse dict {'dir': WindowsPath('C:/Users/Desktop/.dbt')}
[0m21:56:51.958740 [info ] [MainThread]: Creating dbt configuration folder at 
[0m21:57:40.082679 [debug] [MainThread]: Starter project path: C:\Users\Desktop\anaconda3\Lib\site-packages\dbt\include\starter_project
[0m21:57:40.514280 [info ] [MainThread]: 
Your new dbt project "dbt_class_project" was created!

For more information on how to configure the profiles.yml file,
please consult the dbt documentation here:

  https://docs.getdbt.com/docs/configure-your-profile

One more thing:

Need help? Don't hesitate to reach out to us via GitHub issues or on Slack:

  https://community.getdbt.com/

Happy modeling!

[0m21:57:40.514280 [info ] [MainThread]: Setting up your profile.
[0m21:58:18.755713 [info ] [MainThread]: Profile dbt_class_project written to C:\Users\Desktop\.dbt\profiles.yml using target's sample configuration. Once updated, you'll be able to start developing with dbt.
[0m21:58:18.764256 [debug] [MainThread]: Command `dbt init` succeeded at 21:58:18.763086 after 87.26 seconds
[0m21:58:18.769255 [debug] [MainThread]: Sending event: {'category': 'dbt', 'action': 'invocation', 'label': 'end', 'context': [<snowplow_tracker.self_describing_json.SelfDescribingJson object at 0x000002519CC97FD0>, <snowplow_tracker.self_describing_json.SelfDescribingJson object at 0x000002519CC97390>, <snowplow_tracker.self_describing_json.SelfDescribingJson object at 0x000002519CC97F90>]}
[0m21:58:18.773383 [debug] [MainThread]: Flushing usage events
